<?xml version="1.0" encoding="UTF-8"?>
<!-- Generated by org.testng.reporters.JUnitXMLReporter -->
<testsuite hostname="ICPL12770" name="Chrome" tests="2" failures="1" timestamp="12 Jan 2018 08:15:48 GMT" time="20.013" errors="0">
  <testcase name="flightBooking" time="14.778" classname="com.assigntest.TestCase"/>
  <testcase name="testToFail" time="0.002" classname="com.assigntest.TestCase">
    <failure type="java.lang.AssertionError" message="expected [true] but found [false]">
      <![CDATA[java.lang.AssertionError: expected [true] but found [false]
	at com.assigntest.TestCase.testToFail(TestCase.java:100)
	at java.util.concurrent.FutureTask.run(FutureTask.java:266)
	at java.util.concurrent.ThreadPoolExecutor.runWorker(ThreadPoolExecutor.java:1149)
	at java.util.concurrent.ThreadPoolExecutor$Worker.run(ThreadPoolExecutor.java:624)
	at java.lang.Thread.run(Thread.java:748)
... Removed 20 stack frames]]>
    </failure>
  </testcase> <!-- testToFail -->
</testsuite> <!-- Chrome -->
