<?xml version="1.0" encoding="UTF-8"?>
<!-- Generated by org.testng.reporters.JUnitXMLReporter -->
<testsuite hostname="ICPL12770" ignored="0" name="Command line test" tests="1" failures="0" timestamp="11 Jan 2018 06:26:18 GMT" time="0.036" errors="0">
  <testcase name="@BeforeTest beforeTest" time="0.0" classname="com.assigntest.TestCase">
    <failure type="org.testng.TestNGException" message="
Parameter &amp;apos;browser&amp;apos; is required by BeforeTest on method beforeTest but has not been marked @Optional or defined
">
      <![CDATA[org.testng.TestNGException: 
Parameter 'browser' is required by BeforeTest on method beforeTest but has not been marked @Optional or defined

... Removed 30 stack frames]]>
    </failure>
  </testcase> <!-- @BeforeTest beforeTest -->
  <testcase name="@AfterTest browserClose" time="0.0" classname="com.assigntest.TestCase">
    <skipped/>
  </testcase> <!-- @AfterTest browserClose -->
  <testcase name="flightBooking" time="0.008" classname="com.assigntest.TestCase">
    <skipped/>
  </testcase> <!-- flightBooking -->
</testsuite> <!-- Command line test -->
